<?xml version="1.0" encoding="UTF-8"?>
<!-- Generated by org.testng.reporters.JUnitReportReporter -->
<testsuite hostname="LTIN194187" failures="0" tests="14" name="com.java.bookTest.GiftCardPageTestCases" time="85.433" errors="0" timestamp="2024-04-04T15:21:11 IST" skipped="0">
  <testcase classname="com.java.bookTest.GiftCardPageTestCases" name="checkUrlTest" time="0.235"/>
  <system-out/>
  <testcase classname="com.java.bookTest.GiftCardPageTestCases" name="checkUrlTest" time="0.445"/>
  <system-out/>
  <testcase classname="com.java.bookTest.GiftCardPageTestCases" name="checkClickGiftCardTest" time="39.304"/>
  <system-out/>
  <testcase classname="com.java.bookTest.GiftCardPageTestCases" name="checkClickGiftCardTest" time="32.494"/>
  <system-out/>
  <testcase classname="com.java.bookTest.GiftCardPageTestCases" name="OccasionHandleTest" time="0.661"/>
  <system-out/>
  <testcase classname="com.java.bookTest.GiftCardPageTestCases" name="OccasionHandleTest" time="0.652"/>
  <system-out/>
  <testcase classname="com.java.bookTest.GiftCardPageTestCases" name="AmountHandlerTest" time="0.397"/>
  <system-out/>
  <testcase classname="com.java.bookTest.GiftCardPageTestCases" name="AmountHandlerTest" time="0.366"/>
  <system-out/>
  <testcase classname="com.java.bookTest.GiftCardPageTestCases" name="DropDownHandlerTest" time="1.136"/>
  <system-out/>
  <testcase classname="com.java.bookTest.GiftCardPageTestCases" name="DropDownHandlerTest" time="0.859"/>
  <system-out/>
  <testcase classname="com.java.bookTest.GiftCardPageTestCases" name="ButtonHandleTest" time="0.443"/>
  <system-out/>
  <testcase classname="com.java.bookTest.GiftCardPageTestCases" name="ButtonHandleTest" time="0.311"/>
  <system-out/>
  <testcase classname="com.java.bookTest.GiftCardPageTestCases" name="enterFormDetailsTest" time="4.176"/>
  <system-out/>
  <testcase classname="com.java.bookTest.GiftCardPageTestCases" name="enterFormDetailsTest" time="3.954"/>
  <system-out/>
</testsuite> <!-- com.java.bookTest.GiftCardPageTestCases -->
