<?xml version="1.0" encoding="UTF-8"?>
<!-- Generated by org.testng.reporters.JUnitReportReporter -->
<testsuite hostname="LTIN194187" failures="0" tests="7" name="com.java.bookTest.ProductPageTestCases" time="18.634" errors="0" timestamp="2024-03-29T17:26:39 IST" skipped="0">
  <testcase classname="com.java.bookTest.ProductPageTestCases" name="checkUrl" time="0.025"/>
  <system-out/>
  <testcase classname="com.java.bookTest.ProductPageTestCases" name="clickBookShelfTest" time="2.089"/>
  <system-out/>
  <testcase classname="com.java.bookTest.ProductPageTestCases" name="popupTest" time="3.122"/>
  <system-out/>
  <testcase classname="com.java.bookTest.ProductPageTestCases" name="PriceSliderTest" time="10.731"/>
  <system-out/>
  <testcase classname="com.java.bookTest.ProductPageTestCases" name="StorageTypeTest" time="0.310"/>
  <system-out/>
  <testcase classname="com.java.bookTest.ProductPageTestCases" name="ExcludeOutOfStockTest" time="0.153"/>
  <system-out/>
  <testcase classname="com.java.bookTest.ProductPageTestCases" name="listOfProductsTest" time="2.204"/>
  <system-out/>
</testsuite> <!-- com.java.bookTest.ProductPageTestCases -->
