<?xml version="1.0" encoding="UTF-8"?>
<!-- Generated by org.testng.reporters.JUnitReportReporter -->
<testsuite hostname="LTIN194187" failures="0" tests="6" name="com.java.bookTest.HomePageTestCases" time="15.005" errors="0" timestamp="2024-04-04T09:53:02 IST" skipped="0">
  <testcase classname="com.java.bookTest.HomePageTestCases" name="checkUrl" time="0.319"/>
  <system-out/>
  <testcase classname="com.java.bookTest.HomePageTestCases" name="checkUrl" time="0.289"/>
  <system-out/>
  <testcase classname="com.java.bookTest.HomePageTestCases" name="checkTitle" time="0.250"/>
  <system-out/>
  <testcase classname="com.java.bookTest.HomePageTestCases" name="checkTitle" time="0.327"/>
  <system-out/>
  <testcase classname="com.java.bookTest.HomePageTestCases" name="ExtractDeal" time="7.019"/>
  <system-out/>
  <testcase classname="com.java.bookTest.HomePageTestCases" name="ExtractDeal" time="6.801"/>
  <system-out/>
</testsuite> <!-- com.java.bookTest.HomePageTestCases -->
