<?xml version="1.0" encoding="UTF-8"?>
<!-- Generated by org.testng.reporters.JUnitReportReporter -->
<testsuite hostname="LTIN194187" failures="0" tests="7" name="com.java.bookTest.ProductPageTestCases" time="53.524" errors="0" timestamp="2024-04-03T14:34:32 IST" skipped="0">
  <testcase classname="com.java.bookTest.ProductPageTestCases" name="checkUrl" time="0.297"/>
  <system-out/>
  <testcase classname="com.java.bookTest.ProductPageTestCases" name="clickBookShelfTest" time="24.854"/>
  <system-out/>
  <testcase classname="com.java.bookTest.ProductPageTestCases" name="popupTest" time="5.432"/>
  <system-out/>
  <testcase classname="com.java.bookTest.ProductPageTestCases" name="PriceSliderTest" time="16.638"/>
  <system-out/>
  <testcase classname="com.java.bookTest.ProductPageTestCases" name="StorageTypeTest" time="1.101"/>
  <system-out/>
  <testcase classname="com.java.bookTest.ProductPageTestCases" name="ExcludeOutOfStockTest" time="0.389"/>
  <system-out/>
  <testcase classname="com.java.bookTest.ProductPageTestCases" name="listOfProductsTest" time="4.813"/>
  <system-out/>
</testsuite> <!-- com.java.bookTest.ProductPageTestCases -->
