<?xml version="1.0" encoding="UTF-8"?>
<!-- Generated by org.testng.reporters.JUnitReportReporter -->
<testsuite hostname="LTIN194187" failures="0" tests="14" name="com.java.bookTest.GiftCardPageTestCases" time="22.762" errors="0" timestamp="2024-04-04T09:53:02 IST" skipped="0">
  <testcase classname="com.java.bookTest.GiftCardPageTestCases" name="checkUrlTest" time="0.506"/>
  <system-out/>
  <testcase classname="com.java.bookTest.GiftCardPageTestCases" name="checkUrlTest" time="0.281"/>
  <system-out/>
  <testcase classname="com.java.bookTest.GiftCardPageTestCases" name="checkClickGiftCardTest" time="3.584"/>
  <system-out/>
  <testcase classname="com.java.bookTest.GiftCardPageTestCases" name="checkClickGiftCardTest" time="5.358"/>
  <system-out/>
  <testcase classname="com.java.bookTest.GiftCardPageTestCases" name="OccasionHandleTest" time="0.663"/>
  <system-out/>
  <testcase classname="com.java.bookTest.GiftCardPageTestCases" name="OccasionHandleTest" time="0.687"/>
  <system-out/>
  <testcase classname="com.java.bookTest.GiftCardPageTestCases" name="AmountHandlerTest" time="0.355"/>
  <system-out/>
  <testcase classname="com.java.bookTest.GiftCardPageTestCases" name="AmountHandlerTest" time="0.426"/>
  <system-out/>
  <testcase classname="com.java.bookTest.GiftCardPageTestCases" name="DropDownHandlerTest" time="0.883"/>
  <system-out/>
  <testcase classname="com.java.bookTest.GiftCardPageTestCases" name="DropDownHandlerTest" time="0.859"/>
  <system-out/>
  <testcase classname="com.java.bookTest.GiftCardPageTestCases" name="ButtonHandleTest" time="0.472"/>
  <system-out/>
  <testcase classname="com.java.bookTest.GiftCardPageTestCases" name="ButtonHandleTest" time="0.444"/>
  <system-out/>
  <testcase classname="com.java.bookTest.GiftCardPageTestCases" name="enterFormDetailsTest" time="4.112"/>
  <system-out/>
  <testcase classname="com.java.bookTest.GiftCardPageTestCases" name="enterFormDetailsTest" time="4.132"/>
  <system-out/>
</testsuite> <!-- com.java.bookTest.GiftCardPageTestCases -->
