<?xml version="1.0" encoding="UTF-8"?>
<!-- Generated by org.testng.reporters.JUnitReportReporter -->
<testsuite hostname="LTIN194187" failures="0" tests="2" name="com.java.bookTest.HomePageTestCases" time="6.375" errors="0" timestamp="2024-03-29T17:26:39 IST" skipped="0">
  <testcase classname="com.java.bookTest.HomePageTestCases" name="checkUrl" time="0.012"/>
  <system-out/>
  <testcase classname="com.java.bookTest.HomePageTestCases" name="ExtractDeal" time="6.363"/>
  <system-out/>
</testsuite> <!-- com.java.bookTest.HomePageTestCases -->
