<?xml version="1.0" encoding="UTF-8"?>
<!-- Generated by org.testng.reporters.JUnitReportReporter -->
<testsuite hostname="LTIN194187" failures="0" tests="3" name="com.java.bookTest.HomePageTestCases" time="7.173" errors="0" timestamp="2024-04-03T14:34:32 IST" skipped="0">
  <testcase classname="com.java.bookTest.HomePageTestCases" name="checkUrl" time="0.256"/>
  <system-out/>
  <testcase classname="com.java.bookTest.HomePageTestCases" name="checkTitle" time="0.253"/>
  <system-out/>
  <testcase classname="com.java.bookTest.HomePageTestCases" name="ExtractDeal" time="6.664"/>
  <system-out/>
</testsuite> <!-- com.java.bookTest.HomePageTestCases -->
