<?xml version="1.0" encoding="UTF-8"?>
<!-- Generated by org.testng.reporters.JUnitReportReporter -->
<testsuite hostname="LTIN194187" failures="0" tests="3" name="com.java.bookTest.HomePageTestCases" time="6.507" errors="0" timestamp="2024-04-02T15:39:43 IST" skipped="0">
  <testcase classname="com.java.bookTest.HomePageTestCases" name="checkUrl" time="0.020"/>
  <system-out/>
  <testcase classname="com.java.bookTest.HomePageTestCases" name="checkTitle" time="0.022"/>
  <system-out/>
  <testcase classname="com.java.bookTest.HomePageTestCases" name="ExtractDeal" time="6.465"/>
  <system-out/>
</testsuite> <!-- com.java.bookTest.HomePageTestCases -->
