<?xml version="1.0" encoding="UTF-8"?>
<!-- Generated by org.testng.reporters.JUnitReportReporter -->
<testsuite hostname="LTIN194187" failures="0" tests="14" name="com.java.bookTest.ProductPageTestCases" time="58.557" errors="0" timestamp="2024-04-04T09:53:02 IST" skipped="0">
  <testcase classname="com.java.bookTest.ProductPageTestCases" name="checkUrl" time="0.266"/>
  <system-out/>
  <testcase classname="com.java.bookTest.ProductPageTestCases" name="checkUrl" time="0.303"/>
  <system-out/>
  <testcase classname="com.java.bookTest.ProductPageTestCases" name="clickBookShelfTest" time="3.584"/>
  <system-out/>
  <testcase classname="com.java.bookTest.ProductPageTestCases" name="clickBookShelfTest" time="2.408"/>
  <system-out/>
  <testcase classname="com.java.bookTest.ProductPageTestCases" name="popupTest" time="5.458"/>
  <system-out/>
  <testcase classname="com.java.bookTest.ProductPageTestCases" name="popupTest" time="5.681"/>
  <system-out/>
  <testcase classname="com.java.bookTest.ProductPageTestCases" name="PriceSliderTest" time="14.592"/>
  <system-out/>
  <testcase classname="com.java.bookTest.ProductPageTestCases" name="PriceSliderTest" time="14.255"/>
  <system-out/>
  <testcase classname="com.java.bookTest.ProductPageTestCases" name="StorageTypeTest" time="0.596"/>
  <system-out/>
  <testcase classname="com.java.bookTest.ProductPageTestCases" name="StorageTypeTest" time="1.091"/>
  <system-out/>
  <testcase classname="com.java.bookTest.ProductPageTestCases" name="ExcludeOutOfStockTest" time="0.746"/>
  <system-out/>
  <testcase classname="com.java.bookTest.ProductPageTestCases" name="ExcludeOutOfStockTest" time="0.445"/>
  <system-out/>
  <testcase classname="com.java.bookTest.ProductPageTestCases" name="listOfProductsTest" time="4.558"/>
  <system-out/>
  <testcase classname="com.java.bookTest.ProductPageTestCases" name="listOfProductsTest" time="4.574"/>
  <system-out/>
</testsuite> <!-- com.java.bookTest.ProductPageTestCases -->
