<?xml version="1.0" encoding="UTF-8"?>
<!-- Generated by org.testng.reporters.JUnitReportReporter -->
<testsuite hostname="LTIN194187" failures="0" tests="6" name="com.java.bookTest.HomePageTestCases" time="15.131" errors="0" timestamp="2024-04-04T15:21:11 IST" skipped="0">
  <testcase classname="com.java.bookTest.HomePageTestCases" name="checkUrl" time="0.293"/>
  <system-out/>
  <testcase classname="com.java.bookTest.HomePageTestCases" name="checkUrl" time="0.658"/>
  <system-out/>
  <testcase classname="com.java.bookTest.HomePageTestCases" name="checkTitle" time="0.314"/>
  <system-out/>
  <testcase classname="com.java.bookTest.HomePageTestCases" name="checkTitle" time="0.394"/>
  <system-out/>
  <testcase classname="com.java.bookTest.HomePageTestCases" name="ExtractDeal" time="6.681"/>
  <system-out/>
  <testcase classname="com.java.bookTest.HomePageTestCases" name="ExtractDeal" time="6.791"/>
  <system-out/>
</testsuite> <!-- com.java.bookTest.HomePageTestCases -->
