<?xml version="1.0" encoding="UTF-8"?>
<!-- Generated by org.testng.reporters.JUnitReportReporter -->
<testsuite hostname="LTIN194187" failures="0" tests="7" name="com.java.bookTest.GiftCardPageTestCases" time="39.629" errors="0" timestamp="2024-04-03T14:34:32 IST" skipped="0">
  <testcase classname="com.java.bookTest.GiftCardPageTestCases" name="checkUrlTest" time="0.221"/>
  <system-out/>
  <testcase classname="com.java.bookTest.GiftCardPageTestCases" name="checkClickGiftCardTest" time="32.360"/>
  <system-out/>
  <testcase classname="com.java.bookTest.GiftCardPageTestCases" name="OccasionHandleTest" time="0.755"/>
  <system-out/>
  <testcase classname="com.java.bookTest.GiftCardPageTestCases" name="AmountHandlerTest" time="0.614"/>
  <system-out/>
  <testcase classname="com.java.bookTest.GiftCardPageTestCases" name="DropDownHandlerTest" time="0.883"/>
  <system-out/>
  <testcase classname="com.java.bookTest.GiftCardPageTestCases" name="ButtonHandleTest" time="0.354"/>
  <system-out/>
  <testcase classname="com.java.bookTest.GiftCardPageTestCases" name="enterFormDetailsTest" time="4.442"/>
  <system-out/>
</testsuite> <!-- com.java.bookTest.GiftCardPageTestCases -->
